get_min.py[2018-03-12 11:21:24][INFO]：程序开始。。。
get_min.py[2018-03-16 19:13:39][INFO]：程序开始。。。
Futures.py[2018-03-19 09:05:27][INFO]：开始...
connectionpool.py[2018-03-19 09:05:27][DEBUG]：Starting new HTTP connection (1): www.etnet.com.hk
connectionpool.py[2018-03-19 09:05:27][DEBUG]：http://www.etnet.com.hk:80 "GET /www/tc/futures/index.php?subtype=HSI&month=201801 HTTP/1.1" 200 None
Futures.py[2018-03-19 09:05:27][INFO]：{'HSIF8': [31553.0, datetime.datetime(2018, 3, 19, 9, 5)]}
Futures.py[2018-03-19 09:06:28][INFO]：开始...
connectionpool.py[2018-03-19 09:06:28][DEBUG]：Starting new HTTP connection (1): www.etnet.com.hk
connectionpool.py[2018-03-19 09:06:28][DEBUG]：http://www.etnet.com.hk:80 "GET /www/tc/futures/index.php?subtype=HSI&month=201801 HTTP/1.1" 200 None
Futures.py[2018-03-19 09:06:28][INFO]：{'HSIF8': [31553.0, datetime.datetime(2018, 3, 19, 9, 6)]}
get_min.py[2018-03-19 18:13:37][INFO]：程序开始。。。
get_min.py[2018-03-19 18:15:03][INFO]：程序开始。。。
get_min.py[2018-03-26 19:20:00][INFO]：程序开始。。。
get_min.py[2018-03-26 19:24:29][INFO]：程序开始。。。
get_min.py[2018-04-14 17:14:27][INFO]：程序开始。。。
get_min.py[2018-04-14 17:17:03][INFO]：程序开始。。。
get_min.py[2018-04-14 17:17:32][INFO]：程序开始。。。
get_min.py[2018-04-14 17:17:55][INFO]：程序开始。。。
get_min.py[2018-04-14 17:19:36][INFO]：程序开始。。。
get_min.py[2018-04-14 17:20:33][INFO]：程序开始。。。
get_min.py[2018-04-14 18:33:03][INFO]：程序开始。。。
get_min.py[2018-04-19 15:47:23][INFO]：程序开始。。。
get_min.py[2018-05-02 12:08:08][INFO]：程序开始。。。
get_min.py[2018-05-02 12:53:45][INFO]：程序开始。。。
get_min.py[2018-05-02 13:03:34][INFO]：程序开始。。。
get_min.py[2018-05-02 13:06:42][INFO]：程序开始。。。
get_min.py[2018-05-08 08:40:18][INFO]：程序开始。。。
get_min.py[2018-05-08 10:07:38][INFO]：程序开始。。。
get_min.py[2018-05-18 15:34:09][INFO]：程序开始。。。
get_min.py[2018-05-25 14:26:03][INFO]：程序开始。。。
get_min.py[2018-05-25 14:27:31][INFO]：程序开始。。。
get_min.py[2018-06-14 11:50:42][INFO]：程序开始。。。
get_min.py[2018-06-14 11:52:26][INFO]：程序开始。。。
get_min.py[2018-06-14 12:08:33][INFO]：程序开始。。。
get_min.py[2018-06-14 13:13:49][INFO]：程序开始。。。
get_min.py[2018-06-22 12:09:06][INFO]：程序开始。。。
get_min.py[2018-06-22 12:11:10][INFO]：程序开始。。。
get_min.py[2018-06-22 12:12:34][INFO]：程序开始。。。
get_min.py[2018-06-22 12:13:23][INFO]：程序开始。。。
get_min.py[2018-06-22 12:14:05][INFO]：程序开始。。。
get_min.py[2018-06-22 12:15:50][INFO]：程序开始。。。
get_min.py[2018-06-22 12:17:31][INFO]：程序开始。。。
get_min.py[2018-06-22 12:19:40][INFO]：程序开始。。。
get_min.py[2018-06-22 12:23:04][INFO]：程序开始。。。
get_min.py[2018-06-22 12:27:15][INFO]：程序开始。。。
get_min.py[2018-06-22 12:28:48][INFO]：程序开始。。。
get_min.py[2018-06-26 10:33:48][INFO]：程序开始。。。
